# JRE version: OpenJDK Runtime Environment (11.0.15) (build 11.0.15+0-b2043.56-8887301)
# Java VM: OpenJDK 64-Bit Server VM (11.0.15+0-b2043.56-8887301, mixed mode, tiered, compressed oops, g1 gc, bsd-amd64)
Heap:
 garbage-first heap   total 273408K, used 185677K [0x0000000780000000, 0x0000000800000000)
  region size 1024K, 62 young (63488K), 6 survivors (6144K)
 Metaspace       used 101432K, capacity 104230K, committed 104604K, reserved 1140736K
  class space    used 12953K, capacity 14066K, committed 14104K, reserved 1048576K
GC Heap History (20 events):
Event: 17.550 GC heap after
{Heap after GC invocations=32 (full 0):
 garbage-first heap   total 227328K, used 139263K [0x0000000780000000, 0x0000000800000000)
  region size 1024K, 3 young (3072K), 3 survivors (3072K)
 Metaspace       used 96524K, capacity 99117K, committed 99356K, reserved 1134592K
  class space    used 12418K, capacity 13421K, committed 13464K, reserved 1048576K
}
Event: 17.681 GC heap before
{Heap before GC invocations=32 (full 0):
 garbage-first heap   total 227328K, used 146431K [0x0000000780000000, 0x0000000800000000)
  region size 1024K, 11 young (11264K), 3 survivors (3072K)
 Metaspace       used 96553K, capacity 99181K, committed 99612K, reserved 1136640K
  class space    used 12418K, capacity 13421K, committed 13464K, reserved 1048576K
}
Event: 17.695 GC heap after
{Heap after GC invocations=33 (full 0):
 garbage-first heap   total 227328K, used 147141K [0x0000000780000000, 0x0000000800000000)
  region size 1024K, 2 young (2048K), 2 survivors (2048K)
 Metaspace       used 96553K, capacity 99181K, committed 99612K, reserved 1136640K
  class space    used 12418K, capacity 13421K, committed 13464K, reserved 1048576K
}
Event: 17.712 GC heap before
{Heap before GC invocations=33 (full 0):
 garbage-first heap   total 227328K, used 147141K [0x0000000780000000, 0x0000000800000000)
  region size 1024K, 4 young (4096K), 2 survivors (2048K)
 Metaspace       used 96553K, capacity 99181K, committed 99612K, reserved 1136640K
  class space    used 12418K, capacity 13421K, committed 13464K, reserved 1048576K
}
Event: 17.717 GC heap after
{Heap after GC invocations=34 (full 0):
 garbage-first heap   total 227328K, used 147671K [0x0000000780000000, 0x0000000800000000)
  region size 1024K, 3 young (3072K), 3 survivors (3072K)
 Metaspace       used 96553K, capacity 99181K, committed 99612K, reserved 1136640K
  class space    used 12418K, capacity 13421K, committed 13464K, reserved 1048576K
}
Event: 18.214 GC heap before
{Heap before GC invocations=35 (full 0):
 garbage-first heap   total 227328K, used 196823K [0x0000000780000000, 0x0000000800000000)
  region size 1024K, 24 young (24576K), 3 survivors (3072K)
 Metaspace       used 98611K, capacity 101322K, committed 101404K, reserved 1136640K
  class space    used 12642K, capacity 13692K, committed 13720K, reserved 1048576K
}
Event: 18.221 GC heap after
{Heap after GC invocations=36 (full 0):
 garbage-first heap   total 227328K, used 148630K [0x0000000780000000, 0x0000000800000000)
  region size 1024K, 2 young (2048K), 2 survivors (2048K)
 Metaspace       used 98611K, capacity 101322K, committed 101404K, reserved 1136640K
  class space    used 12642K, capacity 13692K, committed 13720K, reserved 1048576K
}
Event: 18.263 GC heap before
{Heap before GC invocations=36 (full 0):
 garbage-first heap   total 227328K, used 156822K [0x0000000780000000, 0x0000000800000000)
  region size 1024K, 11 young (11264K), 2 survivors (2048K)
 Metaspace       used 98813K, capacity 101521K, committed 101660K, reserved 1136640K
  class space    used 12670K, capacity 13694K, committed 13720K, reserved 1048576K
}
Event: 18.267 GC heap after
{Heap after GC invocations=37 (full 0):
 garbage-first heap   total 227328K, used 147766K [0x0000000780000000, 0x0000000800000000)
  region size 1024K, 1 young (1024K), 1 survivors (1024K)
 Metaspace       used 98813K, capacity 101521K, committed 101660K, reserved 1136640K
  class space    used 12670K, capacity 13694K, committed 13720K, reserved 1048576K
}
Event: 18.440 GC heap before
{Heap before GC invocations=37 (full 0):
 garbage-first heap   total 227328K, used 171318K [0x0000000780000000, 0x0000000800000000)
  region size 1024K, 25 young (25600K), 1 survivors (1024K)
 Metaspace       used 99265K, capacity 102074K, committed 102300K, reserved 1138688K
  class space    used 12719K, capacity 13805K, committed 13848K, reserved 1048576K
}
Event: 18.446 GC heap after
{Heap after GC invocations=38 (full 0):
 garbage-first heap   total 227328K, used 150123K [0x0000000780000000, 0x0000000800000000)
  region size 1024K, 4 young (4096K), 4 survivors (4096K)
 Metaspace       used 99265K, capacity 102074K, committed 102300K, reserved 1138688K
  class space    used 12719K, capacity 13805K, committed 13848K, reserved 1048576K
}
Event: 18.614 GC heap before
{Heap before GC invocations=38 (full 0):
 garbage-first heap   total 227328K, used 174699K [0x0000000780000000, 0x0000000800000000)
  region size 1024K, 29 young (29696K), 4 survivors (4096K)
 Metaspace       used 99337K, capacity 102079K, committed 102300K, reserved 1138688K
  class space    used 12721K, capacity 13805K, committed 13848K, reserved 1048576K
}
Event: 18.622 GC heap after
{Heap after GC invocations=39 (full 0):
 garbage-first heap   total 227328K, used 151987K [0x0000000780000000, 0x0000000800000000)
  region size 1024K, 3 young (3072K), 3 survivors (3072K)
 Metaspace       used 99337K, capacity 102079K, committed 102300K, reserved 1138688K
  class space    used 12721K, capacity 13805K, committed 13848K, reserved 1048576K
}
Event: 18.754 GC heap before
{Heap before GC invocations=39 (full 0):
 garbage-first heap   total 227328K, used 149939K [0x0000000780000000, 0x0000000800000000)
  region size 1024K, 29 young (29696K), 3 survivors (3072K)
 Metaspace       used 99385K, capacity 102146K, committed 102300K, reserved 1138688K
  class space    used 12725K, capacity 13805K, committed 13848K, reserved 1048576K
}
Event: 18.760 GC heap after
{Heap after GC invocations=40 (full 0):
 garbage-first heap   total 273408K, used 126998K [0x0000000780000000, 0x0000000800000000)
  region size 1024K, 4 young (4096K), 4 survivors (4096K)
 Metaspace       used 99385K, capacity 102146K, committed 102300K, reserved 1138688K
  class space    used 12725K, capacity 13805K, committed 13848K, reserved 1048576K
}
Event: 19.453 GC heap before
{Heap before GC invocations=41 (full 0):
 garbage-first heap   total 273408K, used 179222K [0x0000000780000000, 0x0000000800000000)
  region size 1024K, 56 young (57344K), 4 survivors (4096K)
 Metaspace       used 100703K, capacity 103501K, committed 103836K, reserved 1138688K
  class space    used 12880K, capacity 13990K, committed 14104K, reserved 1048576K
}
Event: 19.464 GC heap after
{Heap after GC invocations=42 (full 0):
 garbage-first heap   total 273408K, used 135892K [0x0000000780000000, 0x0000000800000000)
  region size 1024K, 7 young (7168K), 7 survivors (7168K)
 Metaspace       used 100703K, capacity 103501K, committed 103836K, reserved 1138688K
  class space    used 12880K, capacity 13990K, committed 14104K, reserved 1048576K
}
Event: 19.486 GC heap before
{Heap before GC invocations=42 (full 0):
 garbage-first heap   total 273408K, used 141012K [0x0000000780000000, 0x0000000800000000)
  region size 1024K, 13 young (13312K), 7 survivors (7168K)
 Metaspace       used 100723K, capacity 103505K, committed 103836K, reserved 1138688K
  class space    used 12880K, capacity 13990K, committed 14104K, reserved 1048576K
}
Event: 19.495 GC heap after
{Heap after GC invocations=43 (full 0):
 garbage-first heap   total 273408K, used 129331K [0x0000000780000000, 0x0000000800000000)
  region size 1024K, 2 young (2048K), 2 survivors (2048K)
 Metaspace       used 100723K, capacity 103505K, committed 103836K, reserved 1138688K
  class space    used 12880K, capacity 13990K, committed 14104K, reserved 1048576K
}
Event: 19.781 GC heap before
{Heap before GC invocations=43 (full 0):
 garbage-first heap   total 273408K, used 184627K [0x0000000780000000, 0x0000000800000000)
  region size 1024K, 58 young (59392K), 2 survivors (2048K)
 Metaspace       used 101432K, capacity 104230K, committed 104604K, reserved 1140736K
  class space    used 12953K, capacity 14066K, committed 14104K, reserved 1048576K
}

